0 info it worked if it ends with ok
1 verbose cli [ '/usr/bin/node',
1 verbose cli   '/usr/bin/npm',
1 verbose cli   'install',
1 verbose cli   'gulp--jade',
1 verbose cli   '-save-dev' ]
2 info using npm@1.4.28
3 info using node@v0.10.40
4 verbose node symlink /usr/bin/node
5 verbose readDependencies using package.json deps
6 verbose cache add [ 'gulp--jade', null ]
7 verbose cache add name=undefined spec="gulp--jade" args=["gulp--jade",null]
8 verbose parsed url { protocol: null,
8 verbose parsed url   slashes: null,
8 verbose parsed url   auth: null,
8 verbose parsed url   host: null,
8 verbose parsed url   port: null,
8 verbose parsed url   hostname: null,
8 verbose parsed url   hash: null,
8 verbose parsed url   search: null,
8 verbose parsed url   query: null,
8 verbose parsed url   pathname: 'gulp--jade',
8 verbose parsed url   path: 'gulp--jade',
8 verbose parsed url   href: 'gulp--jade' }
9 silly lockFile 91e844a3-gulp-jade gulp--jade
10 verbose lock gulp--jade /home/wendy/.npm/91e844a3-gulp-jade.lock
11 silly lockFile 91e844a3-gulp-jade gulp--jade
12 silly lockFile 91e844a3-gulp-jade gulp--jade
13 verbose addNamed [ 'gulp--jade', '' ]
14 verbose addNamed [ null, '*' ]
15 silly lockFile 45b3def0-gulp-jade gulp--jade@
16 verbose lock gulp--jade@ /home/wendy/.npm/45b3def0-gulp-jade.lock
17 silly addNameRange { name: 'gulp--jade', range: '*', hasData: false }
18 verbose request where is /gulp--jade
19 verbose request registry https://registry.npmjs.org/
20 verbose request id 6708270c537ab6d7
21 verbose url raw /gulp--jade
22 verbose url resolving [ 'https://registry.npmjs.org/', './gulp--jade' ]
23 verbose url resolved https://registry.npmjs.org/gulp--jade
24 verbose request where is https://registry.npmjs.org/gulp--jade
25 info trying registry request attempt 1 at 12:03:57
26 http GET https://registry.npmjs.org/gulp--jade
27 http 404 https://registry.npmjs.org/gulp--jade
28 silly registry.get cb [ 404,
28 silly registry.get   { 'content-type': 'application/json',
28 silly registry.get     'cache-control': 'max-age=0',
28 silly registry.get     'content-length': '2',
28 silly registry.get     'accept-ranges': 'bytes',
28 silly registry.get     date: 'Thu, 26 Nov 2015 09:03:58 GMT',
28 silly registry.get     via: '1.1 varnish',
28 silly registry.get     age: '0',
28 silly registry.get     connection: 'keep-alive',
28 silly registry.get     'x-served-by': 'cache-fra1237-FRA',
28 silly registry.get     'x-cache': 'MISS',
28 silly registry.get     'x-cache-hits': '0',
28 silly registry.get     'x-timer': 'S1448528638.160064,VS0,VE171' } ]
29 silly lockFile 45b3def0-gulp-jade gulp--jade@
30 silly lockFile 45b3def0-gulp-jade gulp--jade@
31 error 404 Not Found
31 error 404
31 error 404 'gulp--jade' is not in the npm registry.
31 error 404 You should bug the author to publish it
31 error 404 It was specified as a dependency of 'browser-sync-jekyll'
31 error 404
31 error 404 Note that you can also install from a
31 error 404 tarball, folder, or http url, or git url.
32 error System Linux 3.19.0-31-generic
33 error command "/usr/bin/node" "/usr/bin/npm" "install" "gulp--jade" "-save-dev"
34 error cwd /home/wendy/Desktop/jekyll-gulp-sass-browser-sync-master
35 error node -v v0.10.40
36 error npm -v 1.4.28
37 error code E404
38 verbose exit [ 1, true ]
